{"C:\\Projetos\\JhonsTaskList\\src\\config\\database.js": {"path":"C:\\Projetos\\JhonsTaskList\\src\\config\\database.js","statementMap":{"0":{"start":{"line":1,"column":20},"end":{"line":1,"column":50}},"1":{"start":{"line":2,"column":13},"end":{"line":2,"column":17}},"2":{"start":{"line":5,"column":4},"end":{"line":6,"column":63}},"3":{"start":{"line":6,"column":8},"end":{"line":6,"column":63}},"4":{"start":{"line":7,"column":4},"end":{"line":7,"column":27}},"5":{"start":{"line":9,"column":4},"end":{"line":9,"column":43}},"6":{"start":{"line":13,"column":4},"end":{"line":13,"column":28}},"7":{"start":{"line":13,"column":16},"end":{"line":13,"column":28}},"8":{"start":{"line":15,"column":4},"end":{"line":15,"column":25}},"9":{"start":{"line":16,"column":4},"end":{"line":16,"column":18}},"10":{"start":{"line":18,"column":4},"end":{"line":18,"column":15}},"11":{"start":{"line":21,"column":0},"end":{"line":24,"column":1}}},"fnMap":{"0":{"name":"connect","decl":{"start":{"line":4,"column":15},"end":{"line":4,"column":22}},"loc":{"start":{"line":4,"column":24},"end":{"line":10,"column":1}},"line":4},"1":{"name":"disconnect","decl":{"start":{"line":12,"column":15},"end":{"line":12,"column":25}},"loc":{"start":{"line":12,"column":27},"end":{"line":19,"column":1}},"line":12}},"branchMap":{"0":{"loc":{"start":{"line":5,"column":4},"end":{"line":6,"column":63}},"type":"if","locations":[{"start":{"line":5,"column":4},"end":{"line":6,"column":63}},{"start":{},"end":{}}],"line":5},"1":{"loc":{"start":{"line":13,"column":4},"end":{"line":13,"column":28}},"type":"if","locations":[{"start":{"line":13,"column":4},"end":{"line":13,"column":28}},{"start":{},"end":{}}],"line":13}},"s":{"0":1,"1":1,"2":1,"3":1,"4":1,"5":1,"6":1,"7":0,"8":1,"9":1,"10":1,"11":1},"f":{"0":1,"1":1},"b":{"0":[1,0],"1":[0,1]},"inputSourceMap":null,"_coverageSchema":"1a1c01bbd47fc00a2c39e90264f33305004495a9","hash":"44ee49de35b76b466dbcd607d7c1b7d025af4850"}
}
