{"C:\\Projetos\\JhonsTaskList\\src\\app.ts": {"path":"C:\\Projetos\\JhonsTaskList\\src\\app.ts","statementMap":{"0":{"start":{"line":1,"column":0},"end":{"line":1,"column":30}},"1":{"start":{"line":2,"column":0},"end":{"line":2,"column":28}},"2":{"start":{"line":3,"column":0},"end":{"line":3,"column":24}},"3":{"start":{"line":4,"column":0},"end":{"line":4,"column":38}},"4":{"start":{"line":6,"column":12},"end":{"line":6,"column":21}},"5":{"start":{"line":8,"column":0},"end":{"line":8,"column":18}},"6":{"start":{"line":9,"column":0},"end":{"line":9,"column":16}},"7":{"start":{"line":10,"column":0},"end":{"line":10,"column":24}},"8":{"start":{"line":11,"column":0},"end":{"line":11,"column":16}},"9":{"start":{"line":13,"column":0},"end":{"line":13,"column":19}}},"fnMap":{},"branchMap":{},"s":{"0":1,"1":1,"2":1,"3":1,"4":1,"5":1,"6":1,"7":1,"8":1,"9":1},"f":{},"b":{}}
,"C:\\Projetos\\JhonsTaskList\\src\\config\\database.ts": {"path":"C:\\Projetos\\JhonsTaskList\\src\\config\\database.ts","statementMap":{"0":{"start":{"line":5,"column":0},"end":{"line":5,"column":22}},"1":{"start":{"line":14,"column":0},"end":{"line":14,"column":22}},"2":{"start":{"line":1,"column":0},"end":{"line":1,"column":42}},"3":{"start":{"line":3,"column":33},"end":{"line":3,"column":37}},"4":{"start":{"line":6,"column":2},"end":{"line":8,"column":3}},"5":{"start":{"line":7,"column":4},"end":{"line":7,"column":69}},"6":{"start":{"line":9,"column":2},"end":{"line":9,"column":25}},"7":{"start":{"line":11,"column":2},"end":{"line":11,"column":41}},"8":{"start":{"line":15,"column":2},"end":{"line":15,"column":27}},"9":{"start":{"line":15,"column":15},"end":{"line":15,"column":27}},"10":{"start":{"line":17,"column":2},"end":{"line":17,"column":23}},"11":{"start":{"line":18,"column":2},"end":{"line":18,"column":16}},"12":{"start":{"line":20,"column":2},"end":{"line":20,"column":14}}},"fnMap":{"0":{"name":"connect","decl":{"start":{"line":5,"column":22},"end":{"line":5,"column":29}},"loc":{"start":{"line":5,"column":29},"end":{"line":12,"column":null}}},"1":{"name":"disconnect","decl":{"start":{"line":14,"column":22},"end":{"line":14,"column":32}},"loc":{"start":{"line":14,"column":32},"end":{"line":21,"column":null}}}},"branchMap":{"0":{"loc":{"start":{"line":6,"column":2},"end":{"line":8,"column":3}},"type":"if","locations":[{"start":{"line":6,"column":2},"end":{"line":8,"column":3}}]},"1":{"loc":{"start":{"line":15,"column":2},"end":{"line":15,"column":27}},"type":"if","locations":[{"start":{"line":15,"column":2},"end":{"line":15,"column":27}}]}},"s":{"0":2,"1":2,"2":2,"3":2,"4":6,"5":6,"6":6,"7":6,"8":6,"9":0,"10":6,"11":6,"12":6},"f":{"0":6,"1":6},"b":{"0":[6],"1":[0]}}
,"C:\\Projetos\\JhonsTaskList\\src\\controllers\\taskController.ts": {"path":"C:\\Projetos\\JhonsTaskList\\src\\controllers\\taskController.ts","statementMap":{"0":{"start":{"line":2,"column":0},"end":{"line":2,"column":48}},"1":{"start":{"line":4,"column":0},"end":{"line":4,"column":65}},"2":{"start":{"line":5,"column":0},"end":{"line":5,"column":35}},"3":{"start":{"line":8,"column":4},"end":{"line":19,"column":5}},"4":{"start":{"line":9,"column":24},"end":{"line":9,"column":41}},"5":{"start":{"line":11,"column":23},"end":{"line":11,"column":66}},"6":{"start":{"line":13,"column":8},"end":{"line":13,"column":69}},"7":{"start":{"line":13,"column":20},"end":{"line":13,"column":69}},"8":{"start":{"line":15,"column":8},"end":{"line":15,"column":59}},"9":{"start":{"line":17,"column":8},"end":{"line":17,"column":90}},"10":{"start":{"line":18,"column":8},"end":{"line":18,"column":62}},"11":{"start":{"line":23,"column":4},"end":{"line":34,"column":5}},"12":{"start":{"line":24,"column":22},"end":{"line":24,"column":48}},"13":{"start":{"line":26,"column":23},"end":{"line":26,"column":72}},"14":{"start":{"line":28,"column":8},"end":{"line":28,"column":96}},"15":{"start":{"line":28,"column":49},"end":{"line":28,"column":96}},"16":{"start":{"line":30,"column":8},"end":{"line":30,"column":41}},"17":{"start":{"line":32,"column":8},"end":{"line":32,"column":97}},"18":{"start":{"line":33,"column":8},"end":{"line":33,"column":62}},"19":{"start":{"line":38,"column":4},"end":{"line":52,"column":5}},"20":{"start":{"line":39,"column":19},"end":{"line":39,"column":42}},"21":{"start":{"line":41,"column":34},"end":{"line":41,"column":50}},"22":{"start":{"line":43,"column":23},"end":{"line":43,"column":77}},"23":{"start":{"line":45,"column":8},"end":{"line":45,"column":96}},"24":{"start":{"line":45,"column":49},"end":{"line":45,"column":96}},"25":{"start":{"line":47,"column":8},"end":{"line":47,"column":41}},"26":{"start":{"line":50,"column":8},"end":{"line":50,"column":91}},"27":{"start":{"line":51,"column":8},"end":{"line":51,"column":62}},"28":{"start":{"line":55,"column":0},"end":{"line":59,"column":null}}},"fnMap":{"0":{"name":"insertOneTask","decl":{"start":{"line":7,"column":15},"end":{"line":7,"column":28}},"loc":{"start":{"line":7,"column":67},"end":{"line":20,"column":null}}},"1":{"name":"removeOneTaskByTitle","decl":{"start":{"line":22,"column":15},"end":{"line":22,"column":35}},"loc":{"start":{"line":22,"column":74},"end":{"line":35,"column":null}}},"2":{"name":"removeTaskByID","decl":{"start":{"line":37,"column":15},"end":{"line":37,"column":29}},"loc":{"start":{"line":37,"column":68},"end":{"line":53,"column":null}}}},"branchMap":{"0":{"loc":{"start":{"line":13,"column":8},"end":{"line":13,"column":69}},"type":"if","locations":[{"start":{"line":13,"column":8},"end":{"line":13,"column":69}}]},"1":{"loc":{"start":{"line":28,"column":8},"end":{"line":28,"column":96}},"type":"if","locations":[{"start":{"line":28,"column":8},"end":{"line":28,"column":96}}]},"2":{"loc":{"start":{"line":28,"column":11},"end":{"line":28,"column":47}},"type":"binary-expr","locations":[{"start":{"line":28,"column":11},"end":{"line":28,"column":18}},{"start":{"line":28,"column":22},"end":{"line":28,"column":47}}]},"3":{"loc":{"start":{"line":45,"column":8},"end":{"line":45,"column":96}},"type":"if","locations":[{"start":{"line":45,"column":8},"end":{"line":45,"column":96}}]},"4":{"loc":{"start":{"line":45,"column":11},"end":{"line":45,"column":47}},"type":"binary-expr","locations":[{"start":{"line":45,"column":11},"end":{"line":45,"column":18}},{"start":{"line":45,"column":22},"end":{"line":45,"column":47}}]}},"s":{"0":1,"1":1,"2":1,"3":1,"4":1,"5":1,"6":1,"7":0,"8":1,"9":0,"10":0,"11":1,"12":1,"13":1,"14":1,"15":0,"16":1,"17":0,"18":0,"19":2,"20":2,"21":2,"22":2,"23":2,"24":1,"25":1,"26":0,"27":0,"28":1},"f":{"0":1,"1":1,"2":2},"b":{"0":[0],"1":[0],"2":[1,1],"3":[1],"4":[2,2]}}
,"C:\\Projetos\\JhonsTaskList\\src\\models\\repository\\taskRepository.ts": {"path":"C:\\Projetos\\JhonsTaskList\\src\\models\\repository\\taskRepository.ts","statementMap":{"0":{"start":{"line":3,"column":17},"end":{"line":3,"column":49}},"1":{"start":{"line":8,"column":15},"end":{"line":8,"column":39}},"2":{"start":{"line":10,"column":19},"end":{"line":10,"column":83}},"3":{"start":{"line":12,"column":4},"end":{"line":12,"column":26}},"4":{"start":{"line":14,"column":4},"end":{"line":14,"column":18}},"5":{"start":{"line":18,"column":15},"end":{"line":18,"column":39}},"6":{"start":{"line":20,"column":19},"end":{"line":22,"column":6}},"7":{"start":{"line":24,"column":4},"end":{"line":24,"column":26}},"8":{"start":{"line":26,"column":4},"end":{"line":26,"column":18}},"9":{"start":{"line":30,"column":15},"end":{"line":30,"column":39}},"10":{"start":{"line":32,"column":19},"end":{"line":34,"column":6}},"11":{"start":{"line":36,"column":4},"end":{"line":36,"column":26}},"12":{"start":{"line":38,"column":4},"end":{"line":38,"column":18}},"13":{"start":{"line":41,"column":0},"end":{"line":45,"column":null}}},"fnMap":{"0":{"name":"insertOneTask","decl":{"start":{"line":7,"column":15},"end":{"line":7,"column":28}},"loc":{"start":{"line":7,"column":40},"end":{"line":15,"column":null}}},"1":{"name":"removeOneTaskByTitle","decl":{"start":{"line":17,"column":15},"end":{"line":17,"column":35}},"loc":{"start":{"line":17,"column":49},"end":{"line":27,"column":null}}},"2":{"name":"removeTaskByID","decl":{"start":{"line":29,"column":15},"end":{"line":29,"column":29}},"loc":{"start":{"line":29,"column":42},"end":{"line":39,"column":null}}}},"branchMap":{},"s":{"0":1,"1":2,"2":2,"3":2,"4":2,"5":1,"6":1,"7":1,"8":1,"9":2,"10":2,"11":2,"12":2,"13":1},"f":{"0":2,"1":1,"2":2},"b":{}}
,"C:\\Projetos\\JhonsTaskList\\src\\models\\schemas\\newTaskSchema.ts": {"path":"C:\\Projetos\\JhonsTaskList\\src\\models\\schemas\\newTaskSchema.ts","statementMap":{"0":{"start":{"line":1,"column":0},"end":{"line":1,"column":22}},"1":{"start":{"line":3,"column":22},"end":{"line":19,"column":2}},"2":{"start":{"line":21,"column":9},"end":{"line":21,"column":22}}},"fnMap":{},"branchMap":{},"s":{"0":1,"1":1,"2":1},"f":{},"b":{}}
,"C:\\Projetos\\JhonsTaskList\\src\\routers\\router.ts": {"path":"C:\\Projetos\\JhonsTaskList\\src\\routers\\router.ts","statementMap":{"0":{"start":{"line":1,"column":0},"end":{"line":1,"column":33}},"1":{"start":{"line":2,"column":0},"end":{"line":2,"column":59}},"2":{"start":{"line":3,"column":0},"end":{"line":3,"column":77}},"3":{"start":{"line":5,"column":15},"end":{"line":5,"column":23}},"4":{"start":{"line":7,"column":0},"end":{"line":7,"column":71}},"5":{"start":{"line":9,"column":0},"end":{"line":9,"column":77}},"6":{"start":{"line":11,"column":0},"end":{"line":11,"column":68}},"7":{"start":{"line":13,"column":0},"end":{"line":13,"column":22}}},"fnMap":{},"branchMap":{},"s":{"0":1,"1":1,"2":1,"3":1,"4":1,"5":1,"6":1,"7":1},"f":{},"b":{}}
,"C:\\Projetos\\JhonsTaskList\\src\\routers\\middlewares\\validateSchemasMiddleware.ts": {"path":"C:\\Projetos\\JhonsTaskList\\src\\routers\\middlewares\\validateSchemasMiddleware.ts","statementMap":{"0":{"start":{"line":17,"column":4},"end":{"line":17,"column":22}},"1":{"start":{"line":2,"column":0},"end":{"line":2,"column":48}},"2":{"start":{"line":3,"column":0},"end":{"line":3,"column":67}},"3":{"start":{"line":6,"column":22},"end":{"line":6,"column":54}},"4":{"start":{"line":8,"column":4},"end":{"line":8,"column":36}},"5":{"start":{"line":8,"column":22},"end":{"line":8,"column":36}},"6":{"start":{"line":10,"column":24},"end":{"line":10,"column":29}},"7":{"start":{"line":11,"column":20},"end":{"line":11,"column":63}},"8":{"start":{"line":11,"column":40},"end":{"line":11,"column":52}},"9":{"start":{"line":13,"column":4},"end":{"line":13,"column":69}}},"fnMap":{"0":{"name":"validateTaskSchema","decl":{"start":{"line":5,"column":9},"end":{"line":5,"column":27}},"loc":{"start":{"line":5,"column":66},"end":{"line":14,"column":1}}},"1":{"name":"(anonymous_1)","decl":{"start":{"line":11,"column":32},"end":{"line":11,"column":36}},"loc":{"start":{"line":11,"column":40},"end":{"line":11,"column":52}}}},"branchMap":{"0":{"loc":{"start":{"line":8,"column":4},"end":{"line":8,"column":36}},"type":"if","locations":[{"start":{"line":8,"column":4},"end":{"line":8,"column":36}}]}},"s":{"0":1,"1":1,"2":1,"3":4,"4":4,"5":1,"6":3,"7":3,"8":3,"9":3},"f":{"0":4,"1":3},"b":{"0":[1]}}
}
