TN:
SF:src\app.ts
FNF:0
FNH:0
DA:1,1
DA:2,1
DA:3,1
DA:4,1
DA:6,1
DA:8,1
DA:9,1
DA:10,1
DA:11,1
DA:13,1
LF:10
LH:10
BRF:0
BRH:0
end_of_record
TN:
SF:src\config\database.ts
FN:5,connect
FN:14,disconnect
FNF:2
FNH:2
FNDA:10,connect
FNDA:10,disconnect
DA:1,2
DA:3,2
DA:5,2
DA:6,10
DA:7,10
DA:9,10
DA:11,10
DA:14,2
DA:15,10
DA:17,10
DA:18,10
DA:20,10
LF:12
LH:12
BRDA:6,0,0,10
BRDA:15,1,0,0
BRF:2
BRH:1
end_of_record
TN:
SF:src\controllers\taskController.ts
FN:7,insertOneTask
FN:22,removeOneTaskByTitle
FN:37,removeTaskByID
FN:55,listAllTasks
FN:68,listTaskById
FN:85,putTaskById
FN:104,findByTitle
FNF:7
FNH:7
FNDA:1,insertOneTask
FNDA:1,removeOneTaskByTitle
FNDA:2,removeTaskByID
FNDA:1,listAllTasks
FNDA:1,listTaskById
FNDA:1,putTaskById
FNDA:1,findByTitle
DA:2,1
DA:4,1
DA:5,1
DA:8,1
DA:9,1
DA:11,1
DA:13,1
DA:15,1
DA:17,0
DA:18,0
DA:23,1
DA:24,1
DA:26,1
DA:28,1
DA:30,1
DA:32,0
DA:33,0
DA:38,2
DA:39,2
DA:41,2
DA:43,2
DA:45,2
DA:47,1
DA:50,0
DA:51,0
DA:56,1
DA:57,1
DA:59,1
DA:61,1
DA:63,0
DA:64,0
DA:69,1
DA:70,1
DA:72,1
DA:74,1
DA:76,1
DA:78,1
DA:80,0
DA:81,0
DA:86,1
DA:87,1
DA:88,1
DA:90,1
DA:92,1
DA:93,0
DA:96,1
DA:99,0
DA:100,0
DA:105,1
DA:106,1
DA:108,1
DA:110,1
DA:112,1
DA:115,0
DA:116,0
DA:120,1
LF:56
LH:41
BRDA:13,0,0,0
BRDA:28,1,0,0
BRDA:28,2,0,1
BRDA:28,2,1,1
BRDA:45,3,0,1
BRDA:45,4,0,2
BRDA:45,4,1,2
BRDA:59,5,0,0
BRDA:76,6,0,0
BRDA:76,7,0,1
BRDA:76,7,1,1
BRDA:92,8,0,0
BRDA:110,9,0,0
BRF:13
BRH:7
end_of_record
TN:
SF:src\models\repository\taskRepository.ts
FN:7,insertOneTask
FN:17,removeOneTaskByTitle
FN:29,removeTaskByID
FN:41,listAllTasks
FN:51,listTaskById
FN:63,putTaskById
FN:75,findByTitle
FNF:7
FNH:7
FNDA:2,insertOneTask
FNDA:1,removeOneTaskByTitle
FNDA:2,removeTaskByID
FNDA:1,listAllTasks
FNDA:1,listTaskById
FNDA:1,putTaskById
FNDA:1,findByTitle
DA:3,1
DA:8,2
DA:10,2
DA:12,2
DA:14,2
DA:18,1
DA:20,1
DA:24,1
DA:26,1
DA:30,2
DA:32,2
DA:36,2
DA:38,2
DA:42,1
DA:44,1
DA:46,1
DA:48,1
DA:52,1
DA:54,1
DA:58,1
DA:60,1
DA:64,1
DA:66,1
DA:70,1
DA:72,1
DA:76,1
DA:78,1
DA:82,1
DA:84,1
DA:87,1
LF:30
LH:30
BRF:0
BRH:0
end_of_record
TN:
SF:src\models\schemas\newTaskSchema.ts
FNF:0
FNH:0
DA:1,1
DA:3,1
DA:21,1
LF:3
LH:3
BRF:0
BRH:0
end_of_record
TN:
SF:src\routers\router.ts
FNF:0
FNH:0
DA:1,1
DA:2,1
DA:3,1
DA:5,1
DA:7,1
DA:9,1
DA:10,1
DA:11,1
DA:12,1
DA:14,1
DA:16,1
DA:18,1
LF:12
LH:12
BRF:0
BRH:0
end_of_record
TN:
SF:src\routers\middlewares\validateSchemasMiddleware.ts
FN:5,validateTaskSchema
FN:11,(anonymous_1)
FNF:2
FNH:2
FNDA:4,validateTaskSchema
FNDA:3,(anonymous_1)
DA:2,1
DA:3,1
DA:6,4
DA:8,4
DA:10,3
DA:11,3
DA:13,3
DA:17,1
LF:8
LH:8
BRDA:8,0,0,1
BRF:1
BRH:1
end_of_record
